<?xml version="1.0" encoding="UTF-8"?>
<testsuite name="ru.stqa.pft.shocase.DescriptionModificationTest" tests="1" skipped="0" failures="0" errors="0" timestamp="2019-11-06T19:04:16" hostname="Irinas-MacBook-Pro.local" time="3.793">
  <properties/>
  <testcase name="aboutFormModificationTests" classname="ru.stqa.pft.shocase.DescriptionModificationTest" time="3.793"/>
  <system-out><![CDATA[]]></system-out>
  <system-err><![CDATA[Starting ChromeDriver 78.0.3904.70 (edb9c9f3de0247fd912a77b7f6cae7447f6d3ad5-refs/branch-heads/3904@{#800}) on port 20704
Only local connections are allowed.
Please protect ports used by ChromeDriver and related test frameworks to prevent access by malicious code.
Nov 06, 2019 2:04:16 PM org.openqa.selenium.remote.ProtocolHandshake createSession
INFO: Detected dialect: W3C
]]></system-err>
</testsuite>
